<?xml version="1.0" encoding="UTF-8"?>
<testng-results ignored="0" total="2" passed="2" failed="0" skipped="0">
  <reporter-output>
  </reporter-output>
  <suite started-at="2021-12-13T15:23:13 IST" name="Suite" finished-at="2021-12-13T15:24:20 IST" duration-ms="67028">
    <groups>
    </groups>
    <test started-at="2021-12-13T15:23:13 IST" name="Test" finished-at="2021-12-13T15:24:20 IST" duration-ms="67028">
      <class name="amazontestng.Searchlist">
        <test-method signature="f()[pri:0, instance:amazontestng.Searchlist@f2ff811]" started-at="2021-12-13T15:23:13 IST" name="f" finished-at="2021-12-13T15:23:51 IST" duration-ms="37030" status="PASS">
          <reporter-output>
          </reporter-output>
        </test-method> <!-- f -->
      </class> <!-- amazontestng.Searchlist -->
      <class name="amazontestng.Testamazon">
        <test-method is-config="true" signature="beforeClass()[pri:0, instance:amazontestng.Testamazon@568ff82]" started-at="2021-12-13T15:23:51 IST" name="beforeClass" finished-at="2021-12-13T15:24:16 IST" duration-ms="25376" status="PASS">
          <reporter-output>
          </reporter-output>
        </test-method> <!-- beforeClass -->
        <test-method signature="f()[pri:0, instance:amazontestng.Testamazon@568ff82]" started-at="2021-12-13T15:24:16 IST" name="f" finished-at="2021-12-13T15:24:20 IST" duration-ms="4416" status="PASS">
          <reporter-output>
          </reporter-output>
        </test-method> <!-- f -->
        <test-method is-config="true" signature="afterClass()[pri:0, instance:amazontestng.Testamazon@568ff82]" started-at="2021-12-13T15:24:20 IST" name="afterClass" finished-at="2021-12-13T15:24:20 IST" duration-ms="1" status="PASS">
          <reporter-output>
          </reporter-output>
        </test-method> <!-- afterClass -->
      </class> <!-- amazontestng.Testamazon -->
    </test> <!-- Test -->
  </suite> <!-- Suite -->
</testng-results>
